e:\滨江富士康电路板检测\imageprocessdll\imageprocessdll\x64\debug\vc120.pdb
e:\滨江富士康电路板检测\imageprocessdll\imageprocessdll\x64\debug\vc120.idb
e:\滨江富士康电路板检测\imageprocessdll\imageprocessdll\x64\debug\brightlinehelper.obj
e:\滨江富士康电路板检测\imageprocessdll\imageprocessdll\x64\debug\getadhersiveresult_binary.obj
e:\滨江富士康电路板检测\imageprocessdll\imageprocessdll\x64\debug\getadhersiveresult_thresh.obj
e:\滨江富士康电路板检测\imageprocessdll\imageprocessdll\x64\debug\getrectregion.obj
e:\滨江富士康电路板检测\imageprocessdll\imageprocessdll\x64\debug\imageprocessdll.obj
e:\滨江富士康电路板检测\imageprocessdll\imageprocessdll\x64\debug\imgtransform.obj
e:\滨江富士康电路板检测\imageprocessdll\imageprocessdll\x64\debug\ivimageprocess.obj
e:\滨江富士康电路板检测\imageprocessdll\imageprocessdll\x64\debug\stdafx.obj
e:\滨江富士康电路板检测\imageprocessdll\imageprocessdll\x64\debug\dllmain.obj
e:\滨江富士康电路板检测\imageprocessdll\x64\debug\imageprocessdll.lib
e:\滨江富士康电路板检测\imageprocessdll\x64\debug\imageprocessdll.exp
e:\滨江富士康电路板检测\imageprocessdll\x64\debug\imageprocessdll.ilk
e:\滨江富士康电路板检测\imageprocessdll\x64\debug\imageprocessdll.dll
e:\滨江富士康电路板检测\imageprocessdll\x64\debug\imageprocessdll.pdb
e:\滨江富士康电路板检测\imageprocessdll\imageprocessdll\x64\debug\imageprocessdll.tlog\cl.command.1.tlog
e:\滨江富士康电路板检测\imageprocessdll\imageprocessdll\x64\debug\imageprocessdll.tlog\cl.read.1.tlog
e:\滨江富士康电路板检测\imageprocessdll\imageprocessdll\x64\debug\imageprocessdll.tlog\cl.write.1.tlog
e:\滨江富士康电路板检测\imageprocessdll\imageprocessdll\x64\debug\imageprocessdll.tlog\imageprocessdll.write.1u.tlog
e:\滨江富士康电路板检测\imageprocessdll\imageprocessdll\x64\debug\imageprocessdll.tlog\link.command.1.tlog
e:\滨江富士康电路板检测\imageprocessdll\imageprocessdll\x64\debug\imageprocessdll.tlog\link.read.1.tlog
e:\滨江富士康电路板检测\imageprocessdll\imageprocessdll\x64\debug\imageprocessdll.tlog\link.write.1.tlog
