生成启动时间为 2017/10/12 13:48:27。
     1>项目“E:\滨江富士康电路板检测\imageProcessDLL\imageProcessDLL\imageProcessDLL.vcxproj”在节点 2 上(Rebuild 个目标)。
     1>ClCompile:
         D:\vs2013\VC\bin\x86_amd64\CL.exe /c /Zi /nologo /W3 /WX- /sdl /O2 /Oi /D NDEBUG /D _WINDOWS /D _USRDLL /D IMAGEPROCESSDLL_EXPORTS /D NOMINMAX /D _WINDLL /D _UNICODE /D UNICODE /Gm- /EHsc /MD /GS /Gy /fp:precise /Zc:wchar_t /Zc:forScope /Fo"x64\Release\\" /Fd"x64\Release\vc120.pdb" /Gd /TP /errorReport:prompt BrightLineHelper.cpp getAdhersiveResult_binary.cpp getAdhersiveResult_thresh.cpp getRectRegion.cpp imageProcessDLL.cpp ImgTransform.cpp IVImageProcess.cpp stdafx.cpp
         BrightLineHelper.cpp
     1>D:\opencv3.0.0\opencv\build\include\opencv2/core/mat.hpp(1965): warning C4819: 该文件包含不能在当前代码页(936)中表示的字符。请将该文件保存为 Unicode 格式以防止数据丢失
     1>D:\opencv3.0.0\opencv\build\include\opencv2/core/persistence.hpp : warning C4819: 该文件包含不能在当前代码页(936)中表示的字符。请将该文件保存为 Unicode 格式以防止数据丢失
     1>D:\opencv3.0.0\opencv\build\include\opencv2/core/utility.hpp : warning C4819: 该文件包含不能在当前代码页(936)中表示的字符。请将该文件保存为 Unicode 格式以防止数据丢失
     1>BrightLineHelper.cpp(50): warning C4244: “=”: 从“double”转换到“float”，可能丢失数据
         getAdhersiveResult_binary.cpp
     1>D:\opencv3.0.0\opencv\build\include\opencv2/core/mat.hpp(1965): warning C4819: 该文件包含不能在当前代码页(936)中表示的字符。请将该文件保存为 Unicode 格式以防止数据丢失
     1>D:\opencv3.0.0\opencv\build\include\opencv2/core/persistence.hpp : warning C4819: 该文件包含不能在当前代码页(936)中表示的字符。请将该文件保存为 Unicode 格式以防止数据丢失
     1>D:\opencv3.0.0\opencv\build\include\opencv2/core/utility.hpp : warning C4819: 该文件包含不能在当前代码页(936)中表示的字符。请将该文件保存为 Unicode 格式以防止数据丢失
     1>getAdhersiveResult_binary.cpp(73): warning C4244: “初始化”: 从“double”转换到“int”，可能丢失数据
     1>getAdhersiveResult_binary.cpp(88): warning C4244: “=”: 从“double”转换到“int”，可能丢失数据
     1>getAdhersiveResult_binary.cpp(89): warning C4244: “=”: 从“double”转换到“int”，可能丢失数据
     1>getAdhersiveResult_binary.cpp(90): warning C4244: “=”: 从“double”转换到“int”，可能丢失数据
     1>getAdhersiveResult_binary.cpp(91): warning C4244: “=”: 从“double”转换到“int”，可能丢失数据
     1>getAdhersiveResult_binary.cpp(92): warning C4244: “=”: 从“double”转换到“int”，可能丢失数据
     1>getAdhersiveResult_binary.cpp(103): warning C4244: “初始化”: 从“double”转换到“int”，可能丢失数据
     1>getAdhersiveResult_binary.cpp(121): warning C4244: “=”: 从“double”转换到“int”，可能丢失数据
     1>getAdhersiveResult_binary.cpp(122): warning C4244: “=”: 从“double”转换到“int”，可能丢失数据
     1>getAdhersiveResult_binary.cpp(123): warning C4244: “=”: 从“double”转换到“int”，可能丢失数据
     1>getAdhersiveResult_binary.cpp(124): warning C4244: “=”: 从“double”转换到“int”，可能丢失数据
     1>getAdhersiveResult_binary.cpp(125): warning C4244: “=”: 从“double”转换到“int”，可能丢失数据
         getAdhersiveResult_thresh.cpp
     1>D:\opencv3.0.0\opencv\build\include\opencv2/core/mat.hpp(1965): warning C4819: 该文件包含不能在当前代码页(936)中表示的字符。请将该文件保存为 Unicode 格式以防止数据丢失
     1>D:\opencv3.0.0\opencv\build\include\opencv2/core/persistence.hpp : warning C4819: 该文件包含不能在当前代码页(936)中表示的字符。请将该文件保存为 Unicode 格式以防止数据丢失
     1>D:\opencv3.0.0\opencv\build\include\opencv2/core/utility.hpp : warning C4819: 该文件包含不能在当前代码页(936)中表示的字符。请将该文件保存为 Unicode 格式以防止数据丢失
     1>getAdhersiveResult_thresh.cpp(72): warning C4244: “初始化”: 从“double”转换到“int”，可能丢失数据
     1>getAdhersiveResult_thresh.cpp(87): warning C4244: “=”: 从“double”转换到“int”，可能丢失数据
     1>getAdhersiveResult_thresh.cpp(88): warning C4244: “=”: 从“double”转换到“int”，可能丢失数据
     1>getAdhersiveResult_thresh.cpp(89): warning C4244: “=”: 从“double”转换到“int”，可能丢失数据
     1>getAdhersiveResult_thresh.cpp(90): warning C4244: “=”: 从“double”转换到“int”，可能丢失数据
     1>getAdhersiveResult_thresh.cpp(91): warning C4244: “=”: 从“double”转换到“int”，可能丢失数据
     1>getAdhersiveResult_thresh.cpp(102): warning C4244: “初始化”: 从“double”转换到“int”，可能丢失数据
     1>getAdhersiveResult_thresh.cpp(119): warning C4244: “=”: 从“double”转换到“int”，可能丢失数据
     1>getAdhersiveResult_thresh.cpp(120): warning C4244: “=”: 从“double”转换到“int”，可能丢失数据
     1>getAdhersiveResult_thresh.cpp(121): warning C4244: “=”: 从“double”转换到“int”，可能丢失数据
     1>getAdhersiveResult_thresh.cpp(122): warning C4244: “=”: 从“double”转换到“int”，可能丢失数据
     1>getAdhersiveResult_thresh.cpp(123): warning C4244: “=”: 从“double”转换到“int”，可能丢失数据
         getRectRegion.cpp
     1>D:\opencv3.0.0\opencv\build\include\opencv2/core/mat.hpp(1965): warning C4819: 该文件包含不能在当前代码页(936)中表示的字符。请将该文件保存为 Unicode 格式以防止数据丢失
     1>D:\opencv3.0.0\opencv\build\include\opencv2/core/persistence.hpp : warning C4819: 该文件包含不能在当前代码页(936)中表示的字符。请将该文件保存为 Unicode 格式以防止数据丢失
     1>D:\opencv3.0.0\opencv\build\include\opencv2/core/utility.hpp : warning C4819: 该文件包含不能在当前代码页(936)中表示的字符。请将该文件保存为 Unicode 格式以防止数据丢失
         imageProcessDLL.cpp
         ImgTransform.cpp
     1>D:\opencv3.0.0\opencv\build\include\opencv2/core/mat.hpp(1965): warning C4819: 该文件包含不能在当前代码页(936)中表示的字符。请将该文件保存为 Unicode 格式以防止数据丢失
     1>D:\opencv3.0.0\opencv\build\include\opencv2/core/persistence.hpp : warning C4819: 该文件包含不能在当前代码页(936)中表示的字符。请将该文件保存为 Unicode 格式以防止数据丢失
     1>D:\opencv3.0.0\opencv\build\include\opencv2/core/utility.hpp : warning C4819: 该文件包含不能在当前代码页(936)中表示的字符。请将该文件保存为 Unicode 格式以防止数据丢失
     1>ImgTransform.cpp(44): warning C4244: “=”: 从“Hlong”转换到“int”，可能丢失数据
     1>ImgTransform.cpp(45): warning C4244: “=”: 从“Hlong”转换到“int”，可能丢失数据
     1>ImgTransform.cpp(54): warning C4244: “=”: 从“Hlong”转换到“int”，可能丢失数据
     1>ImgTransform.cpp(55): warning C4244: “=”: 从“Hlong”转换到“int”，可能丢失数据
         IVImageProcess.cpp
     1>D:\opencv3.0.0\opencv\build\include\opencv2/core/mat.hpp(1965): warning C4819: 该文件包含不能在当前代码页(936)中表示的字符。请将该文件保存为 Unicode 格式以防止数据丢失
     1>D:\opencv3.0.0\opencv\build\include\opencv2/core/persistence.hpp : warning C4819: 该文件包含不能在当前代码页(936)中表示的字符。请将该文件保存为 Unicode 格式以防止数据丢失
     1>D:\opencv3.0.0\opencv\build\include\opencv2/core/utility.hpp : warning C4819: 该文件包含不能在当前代码页(936)中表示的字符。请将该文件保存为 Unicode 格式以防止数据丢失
     1>IVImageProcess.cpp(97): warning C4244: “=”: 从“double”转换到“int”，可能丢失数据
     1>IVImageProcess.cpp(99): warning C4244: “=”: 从“double”转换到“int”，可能丢失数据
         stdafx.cpp
         正在生成代码...
         D:\vs2013\VC\bin\x86_amd64\CL.exe /c /Zi /nologo /W3 /WX- /sdl /O2 /Oi /D NDEBUG /D _WINDOWS /D _USRDLL /D IMAGEPROCESSDLL_EXPORTS /D NOMINMAX /D _WINDLL /D _UNICODE /D UNICODE /Gm- /EHsc /MD /GS /Gy /fp:precise /Zc:wchar_t /Zc:forScope /Fo"x64\Release\\" /Fd"x64\Release\vc120.pdb" /Gd /TP /errorReport:prompt dllmain.cpp
         dllmain.cpp
       Link:
         D:\vs2013\VC\bin\x86_amd64\link.exe /ERRORREPORT:PROMPT /OUT:"E:\滨江富士康电路板检测\imageProcessDLL\x64\Release\imageProcessDLL.dll" /INCREMENTAL:NO /NOLOGO opencv_ts300.lib opencv_world300.lib halconcpp.lib kernel32.lib user32.lib gdi32.lib winspool.lib comdlg32.lib advapi32.lib shell32.lib ole32.lib oleaut32.lib uuid.lib odbc32.lib odbccp32.lib /MANIFEST /MANIFESTUAC:"level='asInvoker' uiAccess='false'" /manifest:embed /DEBUG /PDB:"E:\滨江富士康电路板检测\imageProcessDLL\x64\Release\imageProcessDLL.pdb" /SUBSYSTEM:WINDOWS /OPT:REF /OPT:ICF /TLBID:1 /DYNAMICBASE /NXCOMPAT /IMPLIB:"E:\滨江富士康电路板检测\imageProcessDLL\x64\Release\imageProcessDLL.lib" /MACHINE:X64 /DLL x64\Release\BrightLineHelper.obj
         x64\Release\dllmain.obj
         x64\Release\getAdhersiveResult_binary.obj
         x64\Release\getAdhersiveResult_thresh.obj
         x64\Release\getRectRegion.obj
         x64\Release\imageProcessDLL.obj
         x64\Release\ImgTransform.obj
         x64\Release\IVImageProcess.obj
         x64\Release\stdafx.obj
            正在创建库 E:\滨江富士康电路板检测\imageProcessDLL\x64\Release\imageProcessDLL.lib 和对象 E:\滨江富士康电路板检测\imageProcessDLL\x64\Release\imageProcessDLL.exp
         imageProcessDLL.vcxproj -> E:\滨江富士康电路板检测\imageProcessDLL\x64\Release\imageProcessDLL.dll
     1>已完成生成项目“E:\滨江富士康电路板检测\imageProcessDLL\imageProcessDLL\imageProcessDLL.vcxproj”(Rebuild 个目标)的操作。

生成成功。

已用时间 00:00:16.20
