e:\滨江富士康电路板检测\imageprocessdll\imageprocessdll\x64\release\vc120.pdb
e:\滨江富士康电路板检测\imageprocessdll\imageprocessdll\x64\release\stdafx.obj
e:\滨江富士康电路板检测\imageprocessdll\imageprocessdll\x64\release\ivimageprocess.obj
e:\滨江富士康电路板检测\imageprocessdll\imageprocessdll\x64\release\imgtransform.obj
e:\滨江富士康电路板检测\imageprocessdll\imageprocessdll\x64\release\imageprocessdll.obj
e:\滨江富士康电路板检测\imageprocessdll\imageprocessdll\x64\release\getrectregion.obj
e:\滨江富士康电路板检测\imageprocessdll\imageprocessdll\x64\release\getadhersiveresult_thresh.obj
e:\滨江富士康电路板检测\imageprocessdll\imageprocessdll\x64\release\getadhersiveresult_binary.obj
e:\滨江富士康电路板检测\imageprocessdll\imageprocessdll\x64\release\brightlinehelper.obj
e:\滨江富士康电路板检测\imageprocessdll\imageprocessdll\x64\release\dllmain.obj
e:\滨江富士康电路板检测\imageprocessdll\x64\release\imageprocessdll.lib
e:\滨江富士康电路板检测\imageprocessdll\x64\release\imageprocessdll.exp
e:\滨江富士康电路板检测\imageprocessdll\x64\release\imageprocessdll.dll
e:\滨江富士康电路板检测\imageprocessdll\x64\release\imageprocessdll.pdb
e:\滨江富士康电路板检测\imageprocessdll\imageprocessdll\x64\release\imageprocessdll.tlog\cl.command.1.tlog
e:\滨江富士康电路板检测\imageprocessdll\imageprocessdll\x64\release\imageprocessdll.tlog\cl.read.1.tlog
e:\滨江富士康电路板检测\imageprocessdll\imageprocessdll\x64\release\imageprocessdll.tlog\cl.write.1.tlog
e:\滨江富士康电路板检测\imageprocessdll\imageprocessdll\x64\release\imageprocessdll.tlog\imageprocessdll.write.1u.tlog
e:\滨江富士康电路板检测\imageprocessdll\imageprocessdll\x64\release\imageprocessdll.tlog\link.command.1.tlog
e:\滨江富士康电路板检测\imageprocessdll\imageprocessdll\x64\release\imageprocessdll.tlog\link.read.1.tlog
e:\滨江富士康电路板检测\imageprocessdll\imageprocessdll\x64\release\imageprocessdll.tlog\link.write.1.tlog
